<?xml version="1.0" encoding="UTF-8"?>
<testsuite xmlns:xsi="http://www.w3.org/2001/XMLSchema-instance" xsi:noNamespaceSchemaLocation="https://maven.apache.org/surefire/maven-surefire-plugin/xsd/surefire-test-report.xsd" name="hu.bme.mit.spaceship.GT4500Test" time="1.291" tests="11" errors="0" skipped="0" failures="0">
  <properties>
[...]
</properties>
  <testcase name="fireTorpedo_Single_Success_First" classname="hu.bme.mit.spaceship.GT4500Test" time="1.163"/>
  <testcase name="fireTorpedo_Single_Success" classname="hu.bme.mit.spaceship.GT4500Test" time="0.003"/>
  <testcase name="fireTorpedo_Single_Failure" classname="hu.bme.mit.spaceship.GT4500Test" time="0.011"/>
  <testcase name="fireTorpedo_All_Success" classname="hu.bme.mit.spaceship.GT4500Test" time="0.004"/>
  <testcase name="fireLaser" classname="hu.bme.mit.spaceship.GT4500Test" time="0.003"/>
  <testcase name="fireTorpedo_All_Failure" classname="hu.bme.mit.spaceship.GT4500Test" time="0.015"/>
  <testcase name="fireTorpedo_Single_Success_Second" classname="hu.bme.mit.spaceship.GT4500Test" time="0.003"/>
  <testcase name="fireTorpedo_All_First_Failure" classname="hu.bme.mit.spaceship.GT4500Test" time="0.008"/>
  <testcase name="fireTorpedo_All_Second_Failure" classname="hu.bme.mit.spaceship.GT4500Test" time="0.005"/>
  <testcase name="fireTorpedo_Single_Success_First_Second" classname="hu.bme.mit.spaceship.GT4500Test" time="0.011"/>
  <testcase name="fireTorpedo_Single_Success_Second_First" classname="hu.bme.mit.spaceship.GT4500Test" time="0.006"/>
</testsuite>